<?xml version="1.0" encoding="UTF-8"?>
<testng-results ignored="0" total="3" passed="2" failed="1" skipped="0">
  <reporter-output>
  </reporter-output>
  <suite started-at="2024-02-13T18:32:15 IST" name="MyTestSuite" finished-at="2024-02-13T18:32:46 IST" duration-ms="30676">
    <groups>
    </groups>
    <test started-at="2024-02-13T18:32:15 IST" name="LoginTests" finished-at="2024-02-13T18:32:46 IST" duration-ms="30676">
      <class name="SL_Suite.LoginPageTest">
        <test-method is-config="true" signature="basicUrlRun()[pri:0, instance:SL_Suite.LoginPageTest@29d2d081]" started-at="2024-02-13T18:32:15 IST" name="basicUrlRun" finished-at="2024-02-13T18:32:23 IST" duration-ms="7723" status="PASS">
          <reporter-output>
          </reporter-output>
        </test-method> <!-- basicUrlRun -->
        <test-method signature="invalidCredentialCheck()[pri:0, instance:SL_Suite.LoginPageTest@29d2d081]" started-at="2024-02-13T18:32:23 IST" name="invalidCredentialCheck" description="Test_02 Invalid credential" finished-at="2024-02-13T18:32:30 IST" duration-ms="6630" status="PASS">
          <reporter-output>
          </reporter-output>
        </test-method> <!-- invalidCredentialCheck -->
        <test-method is-config="true" signature="clickLoginButton()[pri:0, instance:SL_Suite.LoginPageTest@29d2d081]" started-at="2024-02-13T18:32:30 IST" name="clickLoginButton" finished-at="2024-02-13T18:32:31 IST" duration-ms="856" status="PASS">
          <reporter-output>
          </reporter-output>
        </test-method> <!-- clickLoginButton -->
        <test-method is-config="true" signature="basicUrlRun()[pri:0, instance:SL_Suite.LoginPageTest@29d2d081]" started-at="2024-02-13T18:32:31 IST" name="basicUrlRun" finished-at="2024-02-13T18:32:36 IST" duration-ms="5207" status="PASS">
          <reporter-output>
          </reporter-output>
        </test-method> <!-- basicUrlRun -->
        <test-method signature="validCheck()[pri:0, instance:SL_Suite.LoginPageTest@29d2d081]" started-at="2024-02-13T18:32:36 IST" name="validCheck" description="Test_03 valid credential" finished-at="2024-02-13T18:32:40 IST" duration-ms="4340" status="FAIL">
          <exception class="java.lang.AssertionError">
            <message>
              <![CDATA[expected [Products1] but found [Products]]]>
            </message>
            <full-stacktrace>
              <![CDATA[java.lang.AssertionError: expected [Products1] but found [Products]
at org.testng.Assert.fail(Assert.java:99)
at org.testng.Assert.failNotEquals(Assert.java:1037)
at org.testng.Assert.assertEqualsImpl(Assert.java:140)
at org.testng.Assert.assertEquals(Assert.java:122)
at org.testng.Assert.assertEquals(Assert.java:629)
at org.testng.Assert.assertEquals(Assert.java:639)
at SL_Suite.LoginPageTest.validCheck(LoginPageTest.java:128)
at java.base/jdk.internal.reflect.NativeMethodAccessorImpl.invoke0(Native Method)
at java.base/jdk.internal.reflect.NativeMethodAccessorImpl.invoke(NativeMethodAccessorImpl.java:77)
at java.base/jdk.internal.reflect.DelegatingMethodAccessorImpl.invoke(DelegatingMethodAccessorImpl.java:43)
at java.base/java.lang.reflect.Method.invoke(Method.java:568)
at org.testng.internal.MethodInvocationHelper.invokeMethod(MethodInvocationHelper.java:133)
at org.testng.internal.TestInvoker.invokeMethod(TestInvoker.java:598)
at org.testng.internal.TestInvoker.invokeTestMethod(TestInvoker.java:173)
at org.testng.internal.MethodRunner.runInSequence(MethodRunner.java:46)
at org.testng.internal.TestInvoker$MethodInvocationAgent.invoke(TestInvoker.java:824)
at org.testng.internal.TestInvoker.invokeTestMethods(TestInvoker.java:146)
at org.testng.internal.TestMethodWorker.invokeTestMethods(TestMethodWorker.java:146)
at org.testng.internal.TestMethodWorker.run(TestMethodWorker.java:128)
at java.base/java.util.ArrayList.forEach(ArrayList.java:1511)
at org.testng.TestRunner.privateRun(TestRunner.java:794)
at org.testng.TestRunner.run(TestRunner.java:596)
at org.testng.SuiteRunner.runTest(SuiteRunner.java:377)
at org.testng.SuiteRunner.runSequentially(SuiteRunner.java:371)
at org.testng.SuiteRunner.privateRun(SuiteRunner.java:332)
at org.testng.SuiteRunner.run(SuiteRunner.java:276)
at org.testng.SuiteRunnerWorker.runSuite(SuiteRunnerWorker.java:53)
at org.testng.SuiteRunnerWorker.run(SuiteRunnerWorker.java:96)
at org.testng.TestNG.runSuitesSequentially(TestNG.java:1212)
at org.testng.TestNG.runSuitesLocally(TestNG.java:1134)
at org.testng.TestNG.runSuites(TestNG.java:1063)
at org.testng.TestNG.run(TestNG.java:1031)
at org.testng.remote.AbstractRemoteTestNG.run(AbstractRemoteTestNG.java:115)
at org.testng.remote.RemoteTestNG.initAndRun(RemoteTestNG.java:251)
at org.testng.remote.RemoteTestNG.main(RemoteTestNG.java:77)
]]>
            </full-stacktrace>
          </exception> <!-- java.lang.AssertionError -->
          <reporter-output>
          </reporter-output>
        </test-method> <!-- validCheck -->
        <test-method is-config="true" signature="clickLoginButton()[pri:0, instance:SL_Suite.LoginPageTest@29d2d081]" started-at="2024-02-13T18:32:41 IST" name="clickLoginButton" finished-at="2024-02-13T18:32:41 IST" duration-ms="19" status="PASS">
          <reporter-output>
          </reporter-output>
        </test-method> <!-- clickLoginButton -->
        <test-method is-config="true" signature="basicUrlRun()[pri:0, instance:SL_Suite.LoginPageTest@29d2d081]" started-at="2024-02-13T18:32:41 IST" name="basicUrlRun" finished-at="2024-02-13T18:32:46 IST" duration-ms="5021" status="PASS">
          <reporter-output>
          </reporter-output>
        </test-method> <!-- basicUrlRun -->
        <test-method signature="verifyLoginPageElements()[pri:1, instance:SL_Suite.LoginPageTest@29d2d081]" started-at="2024-02-13T18:32:46 IST" name="verifyLoginPageElements" description="Test_01 Verify login page elements" finished-at="2024-02-13T18:32:46 IST" duration-ms="88" status="PASS">
          <reporter-output>
          </reporter-output>
        </test-method> <!-- verifyLoginPageElements -->
        <test-method is-config="true" signature="clickLoginButton()[pri:0, instance:SL_Suite.LoginPageTest@29d2d081]" started-at="2024-02-13T18:32:46 IST" name="clickLoginButton" finished-at="2024-02-13T18:32:46 IST" duration-ms="204" status="PASS">
          <reporter-output>
          </reporter-output>
        </test-method> <!-- clickLoginButton -->
      </class> <!-- SL_Suite.LoginPageTest -->
    </test> <!-- LoginTests -->
  </suite> <!-- MyTestSuite -->
</testng-results>
