<?xml version="1.0" encoding="UTF-8"?>
<!-- Generated by org.testng.reporters.JUnitXMLReporter -->
<testsuite ignored="0" hostname="P-142" failures="1" tests="3" name="LoginTests" time="30.676" errors="0" timestamp="2024-02-13T18:32:46 IST">
  <testcase classname="SL_Suite.LoginPageTest" name="invalidCredentialCheck" time="6.63"/>
  <testcase classname="SL_Suite.LoginPageTest" name="validCheck" time="4.34">
    <failure type="java.lang.AssertionError" message="expected [Products1] but found [Products]">
      <![CDATA[java.lang.AssertionError: expected [Products1] but found [Products]
at SL_Suite.LoginPageTest.validCheck(LoginPageTest.java:128)
at java.base/java.util.ArrayList.forEach(ArrayList.java:1511)
... Removed 33 stack frames]]>
    </failure>
  </testcase> <!-- validCheck -->
  <testcase classname="SL_Suite.LoginPageTest" name="verifyLoginPageElements" time="0.088"/>
</testsuite> <!-- LoginTests -->
